2024-12-27 14:17:29,436 - VideoFlow - INFO - logger.py:68 - Logger initialisé
2024-12-27 14:17:29,437 - VideoFlow.Main - INFO - main.py:15 - Démarrage de l'application
2024-12-27 14:17:29,539 - VideoFlow.MainWindow - INFO - main_window.py:11 - Initialisation de la fenêtre principale
2024-12-27 14:17:29,539 - VideoFlow.PluginManager - INFO - plugin_manager.py:18 - PluginManager initialisé avec le dossier: /Users/nico/Documents/videoFlow/src/plugins
2024-12-27 14:17:29,539 - VideoFlow.PluginManager - DEBUG - plugin_manager.py:19 - Le dossier existe: True
2024-12-27 14:17:29,539 - VideoFlow.PluginManager - DEBUG - plugin_manager.py:22 - Contenu du dossier plugins:
2024-12-27 14:17:29,539 - VideoFlow.PluginManager - DEBUG - plugin_manager.py:31 -   - Fichier: __init__.py
2024-12-27 14:17:29,539 - VideoFlow.PluginManager - DEBUG - plugin_manager.py:26 -   - Dossier: tree_manager
2024-12-27 14:17:29,539 - VideoFlow.PluginManager - DEBUG - plugin_manager.py:27 -     Contenu:
2024-12-27 14:17:29,539 - VideoFlow.PluginManager - DEBUG - plugin_manager.py:26 -   - Dossier: duplicate_finder
2024-12-27 14:17:29,539 - VideoFlow.PluginManager - DEBUG - plugin_manager.py:27 -     Contenu:
2024-12-27 14:17:29,539 - VideoFlow.PluginManager - DEBUG - plugin_manager.py:29 -       - window.py
2024-12-27 14:17:29,539 - VideoFlow.PluginManager - DEBUG - plugin_manager.py:29 -       - video_hasher.py
2024-12-27 14:17:29,540 - VideoFlow.PluginManager - DEBUG - plugin_manager.py:29 -       - __init__.py
2024-12-27 14:17:29,540 - VideoFlow.PluginManager - DEBUG - plugin_manager.py:29 -       - plugin.py
2024-12-27 14:17:29,540 - VideoFlow.PluginManager - DEBUG - plugin_manager.py:26 -   - Dossier: video_merger
2024-12-27 14:17:29,540 - VideoFlow.PluginManager - DEBUG - plugin_manager.py:27 -     Contenu:
2024-12-27 14:17:29,540 - VideoFlow.PluginManager - DEBUG - plugin_manager.py:26 -   - Dossier: regex_renamer
2024-12-27 14:17:29,540 - VideoFlow.PluginManager - DEBUG - plugin_manager.py:27 -     Contenu:
2024-12-27 14:17:29,540 - VideoFlow.MainWindow - DEBUG - main_window.py:16 - Initialisation de l'interface utilisateur
2024-12-27 14:17:29,540 - VideoFlow.MainWindow - DEBUG - main_window.py:26 - Chargement des plugins
2024-12-27 14:17:29,541 - VideoFlow.PluginManager - INFO - plugin_manager.py:37 - Début du chargement des plugins
2024-12-27 14:17:29,541 - VideoFlow.PluginManager - DEBUG - plugin_manager.py:47 - Dossiers de plugins trouvés: ['tree_manager', 'duplicate_finder', 'video_merger', 'regex_renamer']
2024-12-27 14:17:29,541 - VideoFlow.PluginManager - DEBUG - plugin_manager.py:54 - Vérification du dossier tree_manager:
2024-12-27 14:17:29,541 - VideoFlow.PluginManager - DEBUG - plugin_manager.py:55 -   - plugin.py existe: False
2024-12-27 14:17:29,541 - VideoFlow.PluginManager - DEBUG - plugin_manager.py:56 -   - __init__.py existe: False
2024-12-27 14:17:29,541 - VideoFlow.PluginManager - WARNING - plugin_manager.py:66 - Fichiers manquants dans: /Users/nico/Documents/videoFlow/src/plugins/tree_manager
2024-12-27 14:17:29,541 - VideoFlow.PluginManager - WARNING - plugin_manager.py:68 -   - plugin.py manquant
2024-12-27 14:17:29,541 - VideoFlow.PluginManager - WARNING - plugin_manager.py:70 -   - __init__.py manquant
2024-12-27 14:17:29,541 - VideoFlow.PluginManager - DEBUG - plugin_manager.py:54 - Vérification du dossier duplicate_finder:
2024-12-27 14:17:29,541 - VideoFlow.PluginManager - DEBUG - plugin_manager.py:55 -   - plugin.py existe: True
2024-12-27 14:17:29,541 - VideoFlow.PluginManager - DEBUG - plugin_manager.py:56 -   - __init__.py existe: True
2024-12-27 14:17:29,541 - VideoFlow.PluginManager - DEBUG - plugin_manager.py:59 - Tentative de chargement du plugin depuis: /Users/nico/Documents/videoFlow/src/plugins/duplicate_finder/plugin.py
2024-12-27 14:17:29,541 - VideoFlow.PluginManager - DEBUG - plugin_manager.py:87 - Chargement du plugin depuis: /Users/nico/Documents/videoFlow/src/plugins/duplicate_finder/plugin.py
2024-12-27 14:17:29,543 - VideoFlow.PluginManager - DEBUG - plugin_manager.py:99 - Module chargé. Contenu:
2024-12-27 14:17:29,543 - VideoFlow.PluginManager - DEBUG - plugin_manager.py:101 -   - Logger: <class 'type'>
2024-12-27 14:17:29,543 - VideoFlow.PluginManager - DEBUG - plugin_manager.py:101 -   - Plugin: <class 'abc.ABCMeta'>
2024-12-27 14:17:29,543 - VideoFlow.PluginManager - DEBUG - plugin_manager.py:101 -   - PluginInterface: <class 'abc.ABCMeta'>
2024-12-27 14:17:29,543 - VideoFlow.PluginManager - DEBUG - plugin_manager.py:101 -   - QColor: <class 'PyQt6.sip.wrappertype'>
2024-12-27 14:17:29,543 - VideoFlow.PluginManager - DEBUG - plugin_manager.py:101 -   - QIcon: <class 'PyQt6.sip.wrappertype'>
2024-12-27 14:17:29,543 - VideoFlow.PluginManager - DEBUG - plugin_manager.py:101 -   - QPushButton: <class 'PyQt6.sip.wrappertype'>
2024-12-27 14:17:29,543 - VideoFlow.PluginManager - DEBUG - plugin_manager.py:101 -   - Qt: <class 'PyQt6.sip.wrappertype'>
2024-12-27 14:17:29,543 - VideoFlow.PluginManager - DEBUG - plugin_manager.py:101 -   - __builtins__: <class 'dict'>
2024-12-27 14:17:29,543 - VideoFlow.PluginManager - DEBUG - plugin_manager.py:101 -   - __cached__: <class 'str'>
2024-12-27 14:17:29,543 - VideoFlow.PluginManager - DEBUG - plugin_manager.py:101 -   - __doc__: <class 'NoneType'>
2024-12-27 14:17:29,543 - VideoFlow.PluginManager - DEBUG - plugin_manager.py:101 -   - __file__: <class 'str'>
2024-12-27 14:17:29,543 - VideoFlow.PluginManager - DEBUG - plugin_manager.py:101 -   - __loader__: <class '_frozen_importlib_external.SourceFileLoader'>
2024-12-27 14:17:29,543 - VideoFlow.PluginManager - DEBUG - plugin_manager.py:101 -   - __name__: <class 'str'>
2024-12-27 14:17:29,543 - VideoFlow.PluginManager - DEBUG - plugin_manager.py:101 -   - __package__: <class 'str'>
2024-12-27 14:17:29,543 - VideoFlow.PluginManager - DEBUG - plugin_manager.py:101 -   - __spec__: <class '_frozen_importlib.ModuleSpec'>
2024-12-27 14:17:29,543 - VideoFlow.PluginManager - DEBUG - plugin_manager.py:101 -   - logger: <class 'logging.Logger'>
2024-12-27 14:17:29,543 - VideoFlow.PluginManager - DEBUG - plugin_manager.py:101 -   - os: <class 'module'>
2024-12-27 14:17:29,543 - VideoFlow.PluginManager - DEBUG - plugin_manager.py:109 - Classe Plugin valide trouvée dans /Users/nico/Documents/videoFlow/src/plugins/duplicate_finder/plugin.py
2024-12-27 14:17:29,544 - VideoFlow.DuplicateFinder.Plugin - DEBUG - plugin.py:12 - Initialisation du plugin DuplicateFinder
2024-12-27 14:17:29,544 - VideoFlow.DuplicateFinder.Plugin - DEBUG - plugin.py:17 - get_name() appelé
2024-12-27 14:17:29,544 - VideoFlow.PluginManager - INFO - plugin_manager.py:113 - Plugin chargé avec succès: Duplicate Finder
2024-12-27 14:17:29,544 - VideoFlow.PluginManager - DEBUG - plugin_manager.py:54 - Vérification du dossier video_merger:
2024-12-27 14:17:29,544 - VideoFlow.PluginManager - DEBUG - plugin_manager.py:55 -   - plugin.py existe: False
2024-12-27 14:17:29,544 - VideoFlow.PluginManager - DEBUG - plugin_manager.py:56 -   - __init__.py existe: False
2024-12-27 14:17:29,544 - VideoFlow.PluginManager - WARNING - plugin_manager.py:66 - Fichiers manquants dans: /Users/nico/Documents/videoFlow/src/plugins/video_merger
2024-12-27 14:17:29,544 - VideoFlow.PluginManager - WARNING - plugin_manager.py:68 -   - plugin.py manquant
2024-12-27 14:17:29,544 - VideoFlow.PluginManager - WARNING - plugin_manager.py:70 -   - __init__.py manquant
2024-12-27 14:17:29,544 - VideoFlow.PluginManager - DEBUG - plugin_manager.py:54 - Vérification du dossier regex_renamer:
2024-12-27 14:17:29,544 - VideoFlow.PluginManager - DEBUG - plugin_manager.py:55 -   - plugin.py existe: False
2024-12-27 14:17:29,544 - VideoFlow.PluginManager - DEBUG - plugin_manager.py:56 -   - __init__.py existe: False
2024-12-27 14:17:29,544 - VideoFlow.PluginManager - WARNING - plugin_manager.py:66 - Fichiers manquants dans: /Users/nico/Documents/videoFlow/src/plugins/regex_renamer
2024-12-27 14:17:29,544 - VideoFlow.PluginManager - WARNING - plugin_manager.py:68 -   - plugin.py manquant
2024-12-27 14:17:29,545 - VideoFlow.PluginManager - WARNING - plugin_manager.py:70 -   - __init__.py manquant
2024-12-27 14:17:29,545 - VideoFlow.PluginManager - INFO - plugin_manager.py:72 - Plugins chargés: ['Plugin']
2024-12-27 14:17:29,545 - VideoFlow.PluginManager - DEBUG - plugin_manager.py:76 - Plugin Plugin:
2024-12-27 14:17:29,545 - VideoFlow.PluginManager - DEBUG - plugin_manager.py:78 -   - Méthode: __init__
2024-12-27 14:17:29,545 - VideoFlow.PluginManager - DEBUG - plugin_manager.py:78 -   - Méthode: get_button
2024-12-27 14:17:29,545 - VideoFlow.PluginManager - DEBUG - plugin_manager.py:78 -   - Méthode: get_name
2024-12-27 14:17:29,545 - VideoFlow.PluginManager - DEBUG - plugin_manager.py:78 -   - Méthode: show_window
2024-12-27 14:17:29,545 - VideoFlow.PluginManager - DEBUG - plugin_manager.py:130 - Retourne 1 plugins
2024-12-27 14:17:29,545 - VideoFlow.MainWindow - INFO - main_window.py:29 - Nombre de plugins chargés: 1
2024-12-27 14:17:29,545 - VideoFlow.MainWindow - DEBUG - main_window.py:36 - Disposition: 1 lignes x 2 colonnes pour 1 plugins
2024-12-27 14:17:29,545 - VideoFlow.DuplicateFinder.Plugin - DEBUG - plugin.py:17 - get_name() appelé
2024-12-27 14:17:29,545 - VideoFlow.MainWindow - DEBUG - main_window.py:43 - Ajout du plugin Duplicate Finder à la position (0, 0)
2024-12-27 14:17:29,545 - VideoFlow.DuplicateFinder.Plugin - DEBUG - plugin.py:21 - Création du bouton DuplicateFinder
2024-12-27 14:17:29,545 - VideoFlow.DuplicateFinder.Plugin - DEBUG - plugin.py:27 - Chemin de l'icône: /Users/nico/Documents/videoFlow/resources/icons/duplicate_finder.svg
2024-12-27 14:17:29,564 - VideoFlow.MainWindow - ERROR - main_window.py:47 - Erreur lors de l'ajout du plugin 0: type object 'Qt' has no attribute 'QSize'
Traceback (most recent call last):
  File "/Users/nico/Documents/videoFlow/src/ui/main_window.py", line 44, in init_ui
    button = plugin.get_button()
  File "/Users/nico/Documents/videoFlow/src/plugins/duplicate_finder/plugin.py", line 32, in get_button
    button.setIconSize(Qt.QSize(32, 32))
AttributeError: type object 'Qt' has no attribute 'QSize'
2024-12-27 14:17:29,565 - VideoFlow.MainWindow - DEBUG - main_window.py:58 - Dimensions de la fenêtre: 450x140
2024-12-27 14:17:29,565 - VideoFlow.MainWindow - INFO - main_window.py:62 - Interface utilisateur initialisée
2024-12-27 14:17:29,592 - VideoFlow.Main - INFO - main.py:20 - Fenêtre principale affichée
