2024-12-27 13:05:04,614 - VideoFlow - INFO - logger.py:57 - Logger initialisé
2024-12-27 13:05:04,614 - VideoFlow.Main - INFO - main.py:9 - Démarrage de l'application
2024-12-27 13:05:04,702 - VideoFlow.MainWindow - INFO - main_window.py:12 - Initialisation de la fenêtre principale
2024-12-27 13:05:04,702 - VideoFlow.PluginManager - INFO - plugin_manager.py:13 - PluginManager initialisé avec le dossier: /Users/nico/Documents/videoFlow/src/plugins
2024-12-27 13:05:04,702 - VideoFlow.MainWindow - INFO - main_window.py:19 - Initialisation de l'interface utilisateur
2024-12-27 13:05:04,702 - VideoFlow.MainWindow - INFO - main_window.py:31 - Chargement des plugins
2024-12-27 13:05:04,702 - VideoFlow.PluginManager - INFO - plugin_manager.py:17 - Début du chargement des plugins
2024-12-27 13:05:04,702 - VideoFlow.PluginManager - DEBUG - plugin_manager.py:20 - Dossiers trouvés: ['__init__.py', 'tree_manager', 'duplicate_finder', 'video_merger', 'regex_renamer']
2024-12-27 13:05:04,702 - VideoFlow.PluginManager - DEBUG - plugin_manager.py:32 - Ignoré: /Users/nico/Documents/videoFlow/src/plugins/__init__.py (n'est pas un dossier)
2024-12-27 13:05:04,702 - VideoFlow.PluginManager - WARNING - plugin_manager.py:30 - Fichier plugin.py non trouvé dans: /Users/nico/Documents/videoFlow/src/plugins/tree_manager
2024-12-27 13:05:04,702 - VideoFlow.PluginManager - DEBUG - plugin_manager.py:27 - Tentative de chargement du plugin: /Users/nico/Documents/videoFlow/src/plugins/duplicate_finder/plugin.py
2024-12-27 13:05:04,702 - VideoFlow.PluginManager - DEBUG - plugin_manager.py:41 - Chargement du plugin depuis: /Users/nico/Documents/videoFlow/src/plugins/duplicate_finder/plugin.py
2024-12-27 13:05:04,702 - VideoFlow.PluginManager - ERROR - plugin_manager.py:55 - Erreur lors du chargement du plugin /Users/nico/Documents/videoFlow/src/plugins/duplicate_finder/plugin.py: attempted relative import with no known parent package
Traceback (most recent call last):
  File "/Users/nico/Documents/videoFlow/src/core/plugin_manager.py", line 45, in _load_plugin
    spec.loader.exec_module(module)
  File "<frozen importlib._bootstrap_external>", line 850, in exec_module
  File "<frozen importlib._bootstrap>", line 228, in _call_with_frames_removed
  File "/Users/nico/Documents/videoFlow/src/plugins/duplicate_finder/plugin.py", line 4, in <module>
    from ...core.plugin_interface import PluginInterface
ImportError: attempted relative import with no known parent package
2024-12-27 13:05:04,703 - VideoFlow.PluginManager - WARNING - plugin_manager.py:30 - Fichier plugin.py non trouvé dans: /Users/nico/Documents/videoFlow/src/plugins/video_merger
2024-12-27 13:05:04,703 - VideoFlow.PluginManager - WARNING - plugin_manager.py:30 - Fichier plugin.py non trouvé dans: /Users/nico/Documents/videoFlow/src/plugins/regex_renamer
2024-12-27 13:05:04,703 - VideoFlow.PluginManager - INFO - plugin_manager.py:34 - Plugins chargés: []
2024-12-27 13:05:04,703 - VideoFlow.PluginManager - DEBUG - plugin_manager.py:59 - Retourne 0 plugins
2024-12-27 13:05:04,703 - VideoFlow.MainWindow - INFO - main_window.py:37 - Nombre de plugins trouvés: 0
2024-12-27 13:05:04,703 - VideoFlow.MainWindow - WARNING - main_window.py:40 - Aucun plugin trouvé
2024-12-27 13:05:04,731 - VideoFlow.Main - INFO - main.py:14 - Fenêtre principale affichée
