2024-12-27 14:05:14,384 - VideoFlow - INFO - logger.py:68 - Logger initialisé
2024-12-27 14:05:14,384 - VideoFlow.Main - INFO - main.py:9 - Démarrage de l'application
2024-12-27 14:05:14,461 - VideoFlow.MainWindow - INFO - main_window.py:12 - Initialisation de la fenêtre principale
2024-12-27 14:05:14,461 - VideoFlow.PluginManager - INFO - plugin_manager.py:14 - PluginManager initialisé avec le dossier: /Users/nico/Documents/videoFlow/src/plugins
2024-12-27 14:05:14,461 - VideoFlow.PluginManager - DEBUG - plugin_manager.py:15 - Le dossier existe: True
2024-12-27 14:05:14,461 - VideoFlow.MainWindow - INFO - main_window.py:19 - Initialisation de l'interface utilisateur
2024-12-27 14:05:14,462 - VideoFlow.MainWindow - INFO - main_window.py:31 - Chargement des plugins
2024-12-27 14:05:14,462 - VideoFlow.PluginManager - INFO - plugin_manager.py:19 - Début du chargement des plugins
2024-12-27 14:05:14,462 - VideoFlow.PluginManager - DEBUG - plugin_manager.py:22 - Dossiers trouvés: ['__init__.py', 'tree_manager', 'duplicate_finder', 'video_merger', 'regex_renamer']
2024-12-27 14:05:14,462 - VideoFlow.PluginManager - DEBUG - plugin_manager.py:33 - Vérification du dossier tree_manager:
2024-12-27 14:05:14,462 - VideoFlow.PluginManager - DEBUG - plugin_manager.py:34 -   - plugin.py existe: False
2024-12-27 14:05:14,462 - VideoFlow.PluginManager - DEBUG - plugin_manager.py:35 -   - __init__.py existe: False
2024-12-27 14:05:14,462 - VideoFlow.PluginManager - WARNING - plugin_manager.py:41 - Fichier plugin.py non trouvé dans: /Users/nico/Documents/videoFlow/src/plugins/tree_manager
2024-12-27 14:05:14,462 - VideoFlow.PluginManager - DEBUG - plugin_manager.py:33 - Vérification du dossier duplicate_finder:
2024-12-27 14:05:14,462 - VideoFlow.PluginManager - DEBUG - plugin_manager.py:34 -   - plugin.py existe: True
2024-12-27 14:05:14,462 - VideoFlow.PluginManager - DEBUG - plugin_manager.py:35 -   - __init__.py existe: True
2024-12-27 14:05:14,462 - VideoFlow.PluginManager - DEBUG - plugin_manager.py:38 - Tentative de chargement du plugin: /Users/nico/Documents/videoFlow/src/plugins/duplicate_finder/plugin.py
2024-12-27 14:05:14,462 - VideoFlow.PluginManager - DEBUG - plugin_manager.py:59 - Chargement du plugin depuis: /Users/nico/Documents/videoFlow/src/plugins/duplicate_finder/plugin.py
2024-12-27 14:05:14,463 - VideoFlow.PluginManager - ERROR - plugin_manager.py:83 - Erreur lors du chargement du plugin /Users/nico/Documents/videoFlow/src/plugins/duplicate_finder/plugin.py: attempted relative import with no known parent package
Traceback (most recent call last):
  File "/Users/nico/Documents/videoFlow/src/core/plugin_manager.py", line 63, in _load_plugin
    spec.loader.exec_module(module)
  File "<frozen importlib._bootstrap_external>", line 850, in exec_module
  File "<frozen importlib._bootstrap>", line 228, in _call_with_frames_removed
  File "/Users/nico/Documents/videoFlow/src/plugins/duplicate_finder/plugin.py", line 4, in <module>
    from ...core.plugin_interface import PluginInterface
ImportError: attempted relative import with no known parent package
2024-12-27 14:05:14,464 - VideoFlow.PluginManager - DEBUG - plugin_manager.py:33 - Vérification du dossier video_merger:
2024-12-27 14:05:14,464 - VideoFlow.PluginManager - DEBUG - plugin_manager.py:34 -   - plugin.py existe: False
2024-12-27 14:05:14,464 - VideoFlow.PluginManager - DEBUG - plugin_manager.py:35 -   - __init__.py existe: False
2024-12-27 14:05:14,464 - VideoFlow.PluginManager - WARNING - plugin_manager.py:41 - Fichier plugin.py non trouvé dans: /Users/nico/Documents/videoFlow/src/plugins/video_merger
2024-12-27 14:05:14,464 - VideoFlow.PluginManager - DEBUG - plugin_manager.py:33 - Vérification du dossier regex_renamer:
2024-12-27 14:05:14,464 - VideoFlow.PluginManager - DEBUG - plugin_manager.py:34 -   - plugin.py existe: False
2024-12-27 14:05:14,464 - VideoFlow.PluginManager - DEBUG - plugin_manager.py:35 -   - __init__.py existe: False
2024-12-27 14:05:14,464 - VideoFlow.PluginManager - WARNING - plugin_manager.py:41 - Fichier plugin.py non trouvé dans: /Users/nico/Documents/videoFlow/src/plugins/regex_renamer
2024-12-27 14:05:14,464 - VideoFlow.PluginManager - INFO - plugin_manager.py:45 - Plugins chargés: []
2024-12-27 14:05:14,464 - VideoFlow.PluginManager - DEBUG - plugin_manager.py:87 - Retourne 0 plugins
2024-12-27 14:05:14,464 - VideoFlow.MainWindow - INFO - main_window.py:37 - Nombre de plugins trouvés: 0
2024-12-27 14:05:14,464 - VideoFlow.MainWindow - WARNING - main_window.py:40 - Aucun plugin trouvé
2024-12-27 14:05:14,488 - VideoFlow.Main - INFO - main.py:14 - Fenêtre principale affichée
