2024-12-27 14:10:13,273 - VideoFlow - INFO - logger.py:68 - Logger initialisé
2024-12-27 14:10:13,273 - VideoFlow.Main - INFO - main.py:9 - Démarrage de l'application
2024-12-27 14:10:13,352 - VideoFlow.MainWindow - INFO - main_window.py:11 - Initialisation de la fenêtre principale
2024-12-27 14:10:13,352 - VideoFlow.PluginManager - DEBUG - plugin_manager.py:21 - Ajout de /Users/nico/Documents/videoFlow/src au PYTHONPATH
2024-12-27 14:10:13,352 - VideoFlow.PluginManager - INFO - plugin_manager.py:23 - PluginManager initialisé avec le dossier: /Users/nico/Documents/videoFlow/src/plugins
2024-12-27 14:10:13,352 - VideoFlow.PluginManager - DEBUG - plugin_manager.py:24 - Le dossier existe: True
2024-12-27 14:10:13,352 - VideoFlow.PluginManager - DEBUG - plugin_manager.py:25 - Contenu du dossier plugins: ['__init__.py', 'tree_manager', 'duplicate_finder', 'video_merger', 'regex_renamer']
2024-12-27 14:10:13,352 - VideoFlow.MainWindow - DEBUG - main_window.py:16 - Initialisation de l'interface utilisateur
2024-12-27 14:10:13,353 - VideoFlow.MainWindow - DEBUG - main_window.py:26 - Chargement des plugins
2024-12-27 14:10:13,353 - VideoFlow.PluginManager - INFO - plugin_manager.py:29 - Début du chargement des plugins
2024-12-27 14:10:13,353 - VideoFlow.PluginManager - DEBUG - plugin_manager.py:39 - Dossiers de plugins trouvés: ['tree_manager', 'duplicate_finder', 'video_merger', 'regex_renamer']
2024-12-27 14:10:13,353 - VideoFlow.PluginManager - DEBUG - plugin_manager.py:46 - Vérification du dossier tree_manager:
2024-12-27 14:10:13,353 - VideoFlow.PluginManager - DEBUG - plugin_manager.py:47 -   - plugin.py existe: False
2024-12-27 14:10:13,353 - VideoFlow.PluginManager - DEBUG - plugin_manager.py:48 -   - __init__.py existe: False
2024-12-27 14:10:13,353 - VideoFlow.PluginManager - WARNING - plugin_manager.py:54 - Fichiers manquants dans: /Users/nico/Documents/videoFlow/src/plugins/tree_manager
2024-12-27 14:10:13,353 - VideoFlow.PluginManager - WARNING - plugin_manager.py:56 -   - plugin.py manquant
2024-12-27 14:10:13,353 - VideoFlow.PluginManager - WARNING - plugin_manager.py:58 -   - __init__.py manquant
2024-12-27 14:10:13,353 - VideoFlow.PluginManager - DEBUG - plugin_manager.py:46 - Vérification du dossier duplicate_finder:
2024-12-27 14:10:13,353 - VideoFlow.PluginManager - DEBUG - plugin_manager.py:47 -   - plugin.py existe: True
2024-12-27 14:10:13,353 - VideoFlow.PluginManager - DEBUG - plugin_manager.py:48 -   - __init__.py existe: True
2024-12-27 14:10:13,353 - VideoFlow.PluginManager - DEBUG - plugin_manager.py:51 - Tentative de chargement du plugin depuis: /Users/nico/Documents/videoFlow/src/plugins/duplicate_finder/plugin.py
2024-12-27 14:10:13,353 - VideoFlow.PluginManager - DEBUG - plugin_manager.py:74 - Chargement du plugin depuis: /Users/nico/Documents/videoFlow/src/plugins/duplicate_finder/plugin.py
2024-12-27 14:10:13,440 - VideoFlow.PluginManager - DEBUG - plugin_manager.py:85 - Module chargé. Contenu:
2024-12-27 14:10:13,440 - VideoFlow.PluginManager - DEBUG - plugin_manager.py:87 -   - DuplicateFinderWindow: <class 'PyQt6.sip.wrappertype'>
2024-12-27 14:10:13,440 - VideoFlow.PluginManager - DEBUG - plugin_manager.py:87 -   - Logger: <class 'type'>
2024-12-27 14:10:13,440 - VideoFlow.PluginManager - DEBUG - plugin_manager.py:87 -   - Plugin: <class 'abc.ABCMeta'>
2024-12-27 14:10:13,440 - VideoFlow.PluginManager - DEBUG - plugin_manager.py:87 -   - PluginInterface: <class 'abc.ABCMeta'>
2024-12-27 14:10:13,440 - VideoFlow.PluginManager - DEBUG - plugin_manager.py:87 -   - QColor: <class 'PyQt6.sip.wrappertype'>
2024-12-27 14:10:13,440 - VideoFlow.PluginManager - DEBUG - plugin_manager.py:87 -   - QIcon: <class 'PyQt6.sip.wrappertype'>
2024-12-27 14:10:13,440 - VideoFlow.PluginManager - DEBUG - plugin_manager.py:87 -   - QPushButton: <class 'PyQt6.sip.wrappertype'>
2024-12-27 14:10:13,440 - VideoFlow.PluginManager - DEBUG - plugin_manager.py:87 -   - Qt: <class 'PyQt6.sip.wrappertype'>
2024-12-27 14:10:13,440 - VideoFlow.PluginManager - DEBUG - plugin_manager.py:87 -   - __builtins__: <class 'dict'>
2024-12-27 14:10:13,440 - VideoFlow.PluginManager - DEBUG - plugin_manager.py:87 -   - __cached__: <class 'str'>
2024-12-27 14:10:13,440 - VideoFlow.PluginManager - DEBUG - plugin_manager.py:87 -   - __doc__: <class 'NoneType'>
2024-12-27 14:10:13,440 - VideoFlow.PluginManager - DEBUG - plugin_manager.py:87 -   - __file__: <class 'str'>
2024-12-27 14:10:13,440 - VideoFlow.PluginManager - DEBUG - plugin_manager.py:87 -   - __loader__: <class '_frozen_importlib_external.SourceFileLoader'>
2024-12-27 14:10:13,440 - VideoFlow.PluginManager - DEBUG - plugin_manager.py:87 -   - __name__: <class 'str'>
2024-12-27 14:10:13,440 - VideoFlow.PluginManager - DEBUG - plugin_manager.py:87 -   - __package__: <class 'str'>
2024-12-27 14:10:13,440 - VideoFlow.PluginManager - DEBUG - plugin_manager.py:87 -   - __spec__: <class '_frozen_importlib.ModuleSpec'>
2024-12-27 14:10:13,440 - VideoFlow.PluginManager - DEBUG - plugin_manager.py:87 -   - logger: <class 'logging.Logger'>
2024-12-27 14:10:13,440 - VideoFlow.PluginManager - DEBUG - plugin_manager.py:87 -   - os: <class 'module'>
2024-12-27 14:10:13,440 - VideoFlow.PluginManager - DEBUG - plugin_manager.py:95 - Classe Plugin valide trouvée dans /Users/nico/Documents/videoFlow/src/plugins/duplicate_finder/plugin.py
2024-12-27 14:10:13,441 - VideoFlow.DuplicateFinder.Plugin - DEBUG - plugin.py:13 - Initialisation du plugin DuplicateFinder
2024-12-27 14:10:13,441 - VideoFlow.DuplicateFinder.Plugin - DEBUG - plugin.py:18 - get_name() appelé
2024-12-27 14:10:13,441 - VideoFlow.PluginManager - INFO - plugin_manager.py:98 - Plugin chargé avec succès: Duplicate Finder
2024-12-27 14:10:13,441 - VideoFlow.PluginManager - DEBUG - plugin_manager.py:46 - Vérification du dossier video_merger:
2024-12-27 14:10:13,441 - VideoFlow.PluginManager - DEBUG - plugin_manager.py:47 -   - plugin.py existe: False
2024-12-27 14:10:13,441 - VideoFlow.PluginManager - DEBUG - plugin_manager.py:48 -   - __init__.py existe: False
2024-12-27 14:10:13,441 - VideoFlow.PluginManager - WARNING - plugin_manager.py:54 - Fichiers manquants dans: /Users/nico/Documents/videoFlow/src/plugins/video_merger
2024-12-27 14:10:13,441 - VideoFlow.PluginManager - WARNING - plugin_manager.py:56 -   - plugin.py manquant
2024-12-27 14:10:13,441 - VideoFlow.PluginManager - WARNING - plugin_manager.py:58 -   - __init__.py manquant
2024-12-27 14:10:13,441 - VideoFlow.PluginManager - DEBUG - plugin_manager.py:46 - Vérification du dossier regex_renamer:
2024-12-27 14:10:13,441 - VideoFlow.PluginManager - DEBUG - plugin_manager.py:47 -   - plugin.py existe: False
2024-12-27 14:10:13,441 - VideoFlow.PluginManager - DEBUG - plugin_manager.py:48 -   - __init__.py existe: False
2024-12-27 14:10:13,441 - VideoFlow.PluginManager - WARNING - plugin_manager.py:54 - Fichiers manquants dans: /Users/nico/Documents/videoFlow/src/plugins/regex_renamer
2024-12-27 14:10:13,441 - VideoFlow.PluginManager - WARNING - plugin_manager.py:56 -   - plugin.py manquant
2024-12-27 14:10:13,441 - VideoFlow.PluginManager - WARNING - plugin_manager.py:58 -   - __init__.py manquant
2024-12-27 14:10:13,441 - VideoFlow.PluginManager - INFO - plugin_manager.py:60 - Plugins chargés: ['Plugin']
2024-12-27 14:10:13,441 - VideoFlow.PluginManager - DEBUG - plugin_manager.py:64 - Plugin Plugin:
2024-12-27 14:10:13,441 - VideoFlow.PluginManager - DEBUG - plugin_manager.py:66 -   - Méthode: __init__
2024-12-27 14:10:13,441 - VideoFlow.PluginManager - DEBUG - plugin_manager.py:66 -   - Méthode: get_button
2024-12-27 14:10:13,441 - VideoFlow.PluginManager - DEBUG - plugin_manager.py:66 -   - Méthode: get_name
2024-12-27 14:10:13,441 - VideoFlow.PluginManager - DEBUG - plugin_manager.py:66 -   - Méthode: show_window
2024-12-27 14:10:13,441 - VideoFlow.PluginManager - DEBUG - plugin_manager.py:110 - Retourne 1 plugins
2024-12-27 14:10:13,441 - VideoFlow.MainWindow - INFO - main_window.py:29 - Nombre de plugins chargés: 1
2024-12-27 14:10:13,441 - VideoFlow.MainWindow - DEBUG - main_window.py:36 - Disposition: 1 lignes x 2 colonnes pour 1 plugins
2024-12-27 14:10:13,441 - VideoFlow.DuplicateFinder.Plugin - DEBUG - plugin.py:18 - get_name() appelé
2024-12-27 14:10:13,441 - VideoFlow.MainWindow - DEBUG - main_window.py:43 - Ajout du plugin Duplicate Finder à la position (0, 0)
2024-12-27 14:10:13,441 - VideoFlow.DuplicateFinder.Plugin - DEBUG - plugin.py:22 - Création du bouton DuplicateFinder
2024-12-27 14:10:13,441 - VideoFlow.DuplicateFinder.Plugin - DEBUG - plugin.py:28 - Chemin de l'icône: /Users/nico/Documents/videoFlow/resources/icons/duplicate_finder.svg
2024-12-27 14:10:13,462 - VideoFlow.MainWindow - ERROR - main_window.py:47 - Erreur lors de l'ajout du plugin 0: type object 'Qt' has no attribute 'QSize'
Traceback (most recent call last):
  File "/Users/nico/Documents/videoFlow/src/ui/main_window.py", line 44, in init_ui
    button = plugin.get_button()
  File "/Users/nico/Documents/videoFlow/src/plugins/duplicate_finder/plugin.py", line 33, in get_button
    button.setIconSize(Qt.QSize(32, 32))
AttributeError: type object 'Qt' has no attribute 'QSize'
2024-12-27 14:10:13,464 - VideoFlow.MainWindow - DEBUG - main_window.py:58 - Dimensions de la fenêtre: 450x140
2024-12-27 14:10:13,464 - VideoFlow.MainWindow - INFO - main_window.py:62 - Interface utilisateur initialisée
2024-12-27 14:10:13,490 - VideoFlow.Main - INFO - main.py:14 - Fenêtre principale affichée
